autoscan: warning: missing AC_CHECK_FUNCS([gethostbyname]) wanted by: 
	src/liburbi/liburbi.cpp:262
	src/liburbi/liburbi_.cpp:219
autoscan: warning: missing AC_CHECK_FUNCS([gettimeofday]) wanted by: 
	src/examples/urbisound.cpp:44
	src/examples/urbiimage.cpp:39
	src/liburbi/liburbi.cpp:40
	src/liburbi/liburbi_.cpp:47
autoscan: warning: missing AC_CHECK_FUNCS([memchr]) wanted by: 
	src/liburbi/liburbi.cpp:657
	src/liburbi/liburbi.cpp:673
	src/liburbi/liburbi.cpp:679
	src/liburbi/liburbi_.cpp:583
	src/liburbi/liburbi_.cpp:605
	src/liburbi/liburbi_.cpp:611
autoscan: warning: missing AC_CHECK_FUNCS([memmove]) wanted by: 
	src/liburbi/liburbi.cpp:730
	src/liburbi/liburbi.cpp:767
	src/liburbi/liburbi.cpp:855
	src/liburbi/liburbi_.cpp:671
	src/liburbi/liburbi_.cpp:704
	src/liburbi/liburbi_.cpp:786
autoscan: warning: missing AC_CHECK_FUNCS([memset]) wanted by: 
	src/examples/monitor.cpp:187
	src/liburbi/liburbi.cpp:257
	src/liburbi/liburbi_.cpp:214
autoscan: warning: missing AC_CHECK_FUNCS([socket]) wanted by: 
	src/liburbi/liburbi.cpp:276
	src/liburbi/liburbi_.cpp:232
autoscan: warning: missing AC_CHECK_FUNCS([strchr]) wanted by: 
	src/liburbi/liburbi.cpp:873
	src/liburbi/liburbi_.cpp:803
autoscan: warning: missing AC_CHECK_FUNCS([strdup]) wanted by: 
	src/liburbi/liburbi.cpp:95
	src/liburbi/liburbi_.cpp:90
autoscan: warning: missing AC_CHECK_FUNCS([strerror]) wanted by: 
	src/examples/monitor.cpp:129
autoscan: warning: missing AC_CHECK_FUNCS([strstr]) wanted by: 
	src/examples/urbiimage.cpp:75
	src/liburbi/liburbi.cpp:699
	src/liburbi/liburbi.cpp:707
	src/liburbi/liburbi.cpp:833
	src/liburbi/liburbi_.cpp:637
	src/liburbi/liburbi_.cpp:642
	src/liburbi/liburbi_.cpp:765
autoscan: warning: missing AC_CHECK_FUNCS([strtol]) wanted by: 
	src/examples/urbisound.cpp:70
	src/examples/urbiimage.cpp:115
	src/examples/urbiimage.cpp:130
	src/liburbi/liburbi.cpp:710
	src/liburbi/liburbi_.cpp:645
autoscan: warning: missing AC_CHECK_HEADERS([arpa/inet.h]) wanted by: 
	src/liburbi/liburbi.h:30
autoscan: warning: missing AC_CHECK_HEADERS([fcntl.h]) wanted by: 
	src/examples/urbisound.cpp:36
	lib/jpeg-6b/rdjpgcom.c:19
	lib/jpeg-6b/wrjpgcom.c:22
	lib/jpeg-6b/cdjpeg.c:18
autoscan: warning: missing AC_CHECK_HEADERS([malloc.h]) wanted by: 
	lib/jpeg-6b/ansi2knr.c:276
	lib/jpeg-6b/jmemdos.c:62
autoscan: warning: missing AC_CHECK_HEADERS([netdb.h]) wanted by: 
	src/liburbi/liburbi.h:31
autoscan: warning: missing AC_CHECK_HEADERS([netinet/in.h]) wanted by: 
	src/liburbi/liburbi.h:28
autoscan: warning: missing AC_CHECK_HEADERS([stddef.h]) wanted by: 
	lib/jpeg-6b/jinclude.h:35
	lib/jpeg-6b/ckconfig.c:37
autoscan: warning: missing AC_CHECK_HEADERS([stdlib.h]) wanted by: 
	src/examples/monitor.cpp:12
	src/liburbi/liburbi.h:33
	src/liburbi/liburbi.cpp:26
	src/liburbi/liburbi_.cpp:36
	lib/jpeg-6b/ansi2knr.c:269
	lib/jpeg-6b/jinclude.h:39
	lib/jpeg-6b/ckconfig.c:42
autoscan: warning: missing AC_CHECK_HEADERS([string.h]) wanted by: 
	src/examples/monitor.h:16
	src/liburbi/liburbi.h:32
	lib/jpeg-6b/ansi2knr.c:247
	lib/jpeg-6b/ansi2knr.c:262
	lib/jpeg-6b/jinclude.h:66
	lib/jpeg-6b/ckconfig.c:58
autoscan: warning: missing AC_CHECK_HEADERS([strings.h]) wanted by: 
	lib/jpeg-6b/ansi2knr.c:249
	lib/jpeg-6b/ansi2knr.c:257
	lib/jpeg-6b/jinclude.h:60
	lib/jpeg-6b/ckconfig.c:56
autoscan: warning: missing AC_CHECK_HEADERS([sys/ioctl.h]) wanted by: 
	src/examples/urbisound.cpp:34
autoscan: warning: missing AC_CHECK_HEADERS([sys/socket.h]) wanted by: 
	src/liburbi/liburbi.h:29
autoscan: warning: missing AC_CHECK_HEADERS([sys/time.h]) wanted by: 
	src/examples/urbisound.cpp:31
	src/examples/urbiimage.cpp:30
	src/liburbi/liburbi.cpp:27
	src/liburbi/liburbi_.cpp:37
autoscan: warning: missing AC_CHECK_HEADERS([unistd.h]) wanted by: 
	src/liburbi/liburbi.h:34
autoscan: warning: missing AC_C_CONST wanted by: 
	src/examples/urbisound.cpp:38
	src/examples/urbisound.cpp:54
	src/examples/urbisound.cpp:54
	src/examples/urbisound.cpp:54
	src/examples/urbiimage.cpp:54
	src/examples/urbiimage.cpp:54
	src/examples/urbiimage.cpp:54
	src/examples/urbiimage.cpp:81
	src/examples/urbiimage.cpp:84
	src/liburbi/liburbi.h:66
	src/liburbi/liburbi.h:66
	src/liburbi/liburbi.h:67
	src/liburbi/liburbi.h:67
	src/liburbi/liburbi.h:67
	src/liburbi/liburbi.h:68
	src/liburbi/liburbi.h:68
	src/liburbi/liburbi.h:69
	src/liburbi/liburbi.h:69
	src/liburbi/liburbi.h:69
	src/liburbi/liburbi.h:80
	src/liburbi/liburbi.h:97
	src/liburbi/liburbi.h:100
	src/liburbi/liburbi.h:103
	src/liburbi/liburbi.h:103
	src/liburbi/liburbi.h:113
	src/liburbi/liburbi.h:116
	src/liburbi/liburbi.h:119
	src/liburbi/liburbi.h:122
	src/liburbi/liburbi.h:123
	src/liburbi/liburbi.h:124
	src/liburbi/liburbi.h:125
	src/liburbi/liburbi.h:132
	src/liburbi/liburbi.h:133
	src/liburbi/liburbi.h:134
	src/liburbi/liburbi.h:135
	src/liburbi/liburbi.h:149
	src/liburbi/liburbi.h:152
	src/liburbi/liburbi.h:183
	src/liburbi/liburbi.h:184
	src/liburbi/liburbi.h:185
	src/liburbi/liburbi.h:186
	src/liburbi/liburbi.cpp:75
	src/liburbi/liburbi.cpp:91
	src/liburbi/liburbi.cpp:204
	src/liburbi/liburbi.cpp:211
	src/liburbi/liburbi.cpp:360
	src/liburbi/liburbi.cpp:376
	src/liburbi/liburbi.cpp:385
	src/liburbi/liburbi.cpp:403
	src/liburbi/liburbi.cpp:426
	src/liburbi/liburbi.cpp:432
	src/liburbi/liburbi.cpp:432
	src/liburbi/liburbi.cpp:461
	src/liburbi/liburbi.cpp:471
	src/liburbi/liburbi.cpp:482
	src/liburbi/liburbi.cpp:492
	src/liburbi/liburbi.cpp:563
	src/liburbi/liburbi.cpp:580
	src/liburbi/liburbi.cpp:597
	src/liburbi/liburbi.cpp:614
	src/liburbi/liburbi.cpp:794
	src/liburbi/liburbi.cpp:794
	src/liburbi/liburbi.cpp:794
	src/liburbi/liburbi.cpp:811
	src/liburbi/liburbi.cpp:844
	src/liburbi/liburbi.cpp:846
	src/liburbi/liburbi.cpp:849
	src/liburbi/liburbi.cpp:863
	src/liburbi/liburbi.cpp:889
	src/liburbi/liburbi.cpp:908
	src/liburbi/liburbi.cpp:911
	src/liburbi/liburbi.cpp:921
	src/liburbi/liburbi.cpp:924
	src/liburbi/liburbi.cpp:975
	src/liburbi/liburbi_.cpp:75
	src/liburbi/liburbi_.cpp:87
	src/liburbi/liburbi_.cpp:173
	src/liburbi/liburbi_.cpp:180
	src/liburbi/liburbi_.cpp:312
	src/liburbi/liburbi_.cpp:328
	src/liburbi/liburbi_.cpp:336
	src/liburbi/liburbi_.cpp:353
	src/liburbi/liburbi_.cpp:374
	src/liburbi/liburbi_.cpp:380
	src/liburbi/liburbi_.cpp:380
	src/liburbi/liburbi_.cpp:409
	src/liburbi/liburbi_.cpp:418
	src/liburbi/liburbi_.cpp:428
	src/liburbi/liburbi_.cpp:437
	src/liburbi/liburbi_.cpp:497
	src/liburbi/liburbi_.cpp:513
	src/liburbi/liburbi_.cpp:528
	src/liburbi/liburbi_.cpp:544
	src/liburbi/liburbi_.cpp:744
	src/liburbi/liburbi_.cpp:775
	src/liburbi/liburbi_.cpp:777
	src/liburbi/liburbi_.cpp:780
	src/liburbi/liburbi_.cpp:794
	src/liburbi/liburbi_.cpp:811
	src/liburbi/liburbi_.cpp:829
	src/liburbi/liburbi_.cpp:831
	src/liburbi/liburbi_.cpp:840
	src/liburbi/liburbi_.cpp:842
	src/liburbi/liburbi_.cpp:882
	lib/jpeg-6b/rdjpgcom.c:271
	lib/jpeg-6b/rdjpgcom.c:389
	lib/jpeg-6b/rdjpgcom.c:408
	lib/jpeg-6b/jcapimin.c:193
	lib/jpeg-6b/jcdctmgr.c:99
	lib/jpeg-6b/jcdctmgr.c:140
	lib/jpeg-6b/rdtarga.c:78
	lib/jpeg-6b/djpeg.c:46
	lib/jpeg-6b/djpeg.c:46
	lib/jpeg-6b/djpeg.c:85
	lib/jpeg-6b/jcmaster.c:135
	lib/jpeg-6b/jcmaster.c:276
	lib/jpeg-6b/jerror.c:50
	lib/jpeg-6b/jerror.c:50
	lib/jpeg-6b/jerror.c:161
	lib/jpeg-6b/jerror.c:162
	lib/jpeg-6b/jcparam.c:24
	lib/jpeg-6b/jcparam.c:76
	lib/jpeg-6b/jcparam.c:86
	lib/jpeg-6b/jcparam.c:153
	lib/jpeg-6b/jcparam.c:153
	lib/jpeg-6b/jcparam.c:186
	lib/jpeg-6b/jcparam.c:188
	lib/jpeg-6b/jcparam.c:191
	lib/jpeg-6b/jcparam.c:193
	lib/jpeg-6b/jcparam.c:196
	lib/jpeg-6b/jcparam.c:198
	lib/jpeg-6b/jcparam.c:221
	lib/jpeg-6b/jcparam.c:223
	lib/jpeg-6b/wrjpgcom.c:347
	lib/jpeg-6b/wrjpgcom.c:384
	lib/jpeg-6b/jinclude.h:91
	lib/jpeg-6b/jquant1.c:79
	lib/jpeg-6b/jquant1.c:196
	lib/jpeg-6b/jpegint.h:381
	lib/jpeg-6b/jpegint.h:383
	lib/jpeg-6b/jpeglib.h:314
	lib/jpeg-6b/jpeglib.h:688
	lib/jpeg-6b/jpeglib.h:688
	lib/jpeg-6b/jpeglib.h:693
	lib/jpeg-6b/jpeglib.h:693
	lib/jpeg-6b/jpeglib.h:726
	lib/jpeg-6b/jpeglib.h:925
	lib/jpeg-6b/jpeglib.h:951
	lib/jpeg-6b/jutils.c:26
	lib/jpeg-6b/jutils.c:53
	lib/jpeg-6b/jddctmgr.c:185
	lib/jpeg-6b/jddctmgr.c:217
	lib/jpeg-6b/jdmarker.c:121
	lib/jpeg-6b/jpegtran.c:38
	lib/jpeg-6b/jmemdos.c:50
	lib/jpeg-6b/jmemdos.c:130
	lib/jpeg-6b/jmemdos.c:139
	lib/jpeg-6b/jmemdos.c:140
	lib/jpeg-6b/jmemmgr.c:35
	lib/jpeg-6b/jmemmgr.c:241
	lib/jpeg-6b/jmemmgr.c:247
	lib/jpeg-6b/cdjpeg.c:122
	lib/jpeg-6b/cdjpeg.h:149
	lib/jpeg-6b/ckconfig.c:184
	lib/jpeg-6b/ckconfig.c:187
	lib/jpeg-6b/ckconfig.c:190
	lib/jpeg-6b/jdphuff.c:209
	lib/jpeg-6b/jdphuff.c:213
	lib/jpeg-6b/cjpeg.c:44
	lib/jpeg-6b/cjpeg.c:44
	lib/jpeg-6b/cjpeg.c:136
	lib/jpeg-6b/jdhuff.c:298
	lib/jpeg-6b/jdhuff.c:449
	lib/jpeg-6b/jdhuff.c:453
	lib/jpeg-6b/jdhuff.h:90
autoscan: warning: missing AC_C_INLINE wanted by: 
	src/examples/monitor.cpp:18
	src/liburbi/liburbi.cpp:880
	src/liburbi/liburbi_.cpp:810
autoscan: warning: missing AC_FUNC_ERROR_AT_LINE wanted by: 
	src/examples/urbisound.cpp:92
	src/examples/urbiimage.cpp:127
	src/examples/urbisend.cpp:42
	src/liburbi/liburbi.h:84
autoscan: warning: missing AC_FUNC_MALLOC wanted by: 
	src/examples/monitor.cpp:121
	src/liburbi/liburbi.cpp:718
	src/liburbi/liburbi.cpp:998
	src/liburbi/liburbi_.cpp:652
	src/liburbi/liburbi_.cpp:904
	lib/jpeg-6b/ansi2knr.c:279
	lib/jpeg-6b/ansi2knr.c:282
	lib/jpeg-6b/ansi2knr.c:370
	lib/jpeg-6b/ansi2knr.c:547
	lib/jpeg-6b/wrjpgcom.c:18
	lib/jpeg-6b/wrjpgcom.c:453
	lib/jpeg-6b/wrjpgcom.c:541
	lib/jpeg-6b/jmemansi.c:21
	lib/jpeg-6b/jmemansi.c:38
	lib/jpeg-6b/jmemansi.c:58
	lib/jpeg-6b/jmemname.c:21
	lib/jpeg-6b/jmemname.c:145
	lib/jpeg-6b/jmemname.c:165
	lib/jpeg-6b/jmemnobs.c:24
	lib/jpeg-6b/jmemnobs.c:37
	lib/jpeg-6b/jmemnobs.c:57
	lib/jpeg-6b/jmemdos.c:48
	lib/jpeg-6b/jmemdos.c:168
autoscan: warning: missing AC_FUNC_VPRINTF wanted by: 
	src/liburbi/liburbi.cpp:394
	src/liburbi/liburbi_.cpp:345
autoscan: warning: missing AC_HEADER_STDBOOL wanted by: 
	src/liburbi/liburbi.h:177
	src/liburbi/liburbi.cpp:62
	src/liburbi/liburbi.cpp:204
	src/liburbi/liburbi.cpp:786
	src/liburbi/liburbi.cpp:975
	src/liburbi/liburbi_.cpp:63
	src/liburbi/liburbi_.cpp:173
	src/liburbi/liburbi_.cpp:721
	src/liburbi/liburbi_.cpp:882
	src/examples/monitor.cpp:113
	src/liburbi/liburbi.cpp:94
	src/liburbi/liburbi.cpp:314
	src/liburbi/liburbi.cpp:867
	src/liburbi/liburbi.cpp:911
	src/liburbi/liburbi_.cpp:89
	src/liburbi/liburbi_.cpp:267
	src/liburbi/liburbi_.cpp:797
	src/liburbi/liburbi_.cpp:831
	src/liburbi/liburbi.cpp:117
	src/liburbi/liburbi.cpp:298
	src/liburbi/liburbi.cpp:818
	src/liburbi/liburbi.cpp:924
	src/liburbi/liburbi_.cpp:111
	src/liburbi/liburbi_.cpp:253
	src/liburbi/liburbi_.cpp:750
	src/liburbi/liburbi_.cpp:842
autoscan: warning: missing AC_HEADER_STDC wanted by: 
	src/liburbi/liburbi.h:35
	lib/jpeg-6b/jinclude.h:35
	lib/jpeg-6b/ckconfig.c:37
	src/examples/monitor.cpp:12
	src/liburbi/liburbi.h:33
	src/liburbi/liburbi.cpp:26
	src/liburbi/liburbi_.cpp:36
	lib/jpeg-6b/ansi2knr.c:269
	lib/jpeg-6b/jinclude.h:39
	lib/jpeg-6b/ckconfig.c:42
	src/examples/monitor.h:16
	src/liburbi/liburbi.h:32
	lib/jpeg-6b/ansi2knr.c:247
	lib/jpeg-6b/ansi2knr.c:262
	lib/jpeg-6b/jinclude.h:66
	lib/jpeg-6b/ckconfig.c:58
	src/liburbi/liburbi.cpp:657
	src/liburbi/liburbi.cpp:673
	src/liburbi/liburbi.cpp:679
	src/liburbi/liburbi_.cpp:583
	src/liburbi/liburbi_.cpp:605
	src/liburbi/liburbi_.cpp:611
	src/liburbi/liburbi.cpp:274
	src/liburbi/liburbi.cpp:724
	src/liburbi/liburbi.cpp:736
	src/liburbi/liburbi.cpp:801
	src/liburbi/liburbi.cpp:856
	src/liburbi/liburbi.cpp:915
	src/liburbi/liburbi.cpp:928
	src/liburbi/liburbi_.cpp:230
	src/liburbi/liburbi_.cpp:666
	src/liburbi/liburbi_.cpp:677
	src/liburbi/liburbi_.cpp:734
	src/liburbi/liburbi_.cpp:787
	src/liburbi/liburbi_.cpp:834
	src/liburbi/liburbi_.cpp:845
	src/liburbi/liburbi.cpp:730
	src/liburbi/liburbi.cpp:767
	src/liburbi/liburbi.cpp:855
	src/liburbi/liburbi_.cpp:671
	src/liburbi/liburbi_.cpp:704
	src/liburbi/liburbi_.cpp:786
	src/examples/monitor.cpp:187
	src/liburbi/liburbi.cpp:257
	src/liburbi/liburbi_.cpp:214
autoscan: warning: missing AC_HEADER_TIME wanted by: 
	src/examples/urbisound.cpp:43
	src/examples/urbiimage.cpp:38
	src/liburbi/liburbi.cpp:39
	src/liburbi/liburbi_.cpp:46
autoscan: warning: missing AC_PATH_X wanted by: 
	src/examples/monitor.h:22
autoscan: warning: missing AC_PROG_CC wanted by: 
	src/examples/monitor.h
	src/liburbi/liburbi.h
	lib/jpeg-6b/wrppm.c
	lib/jpeg-6b/wrrle.c
	lib/jpeg-6b/jdinput.c
	lib/jpeg-6b/rdjpgcom.c
	lib/jpeg-6b/jccoefct.c
	lib/jpeg-6b/jcmainct.c
	lib/jpeg-6b/example.c
	lib/jpeg-6b/jcapimin.c
	lib/jpeg-6b/jcapistd.c
	lib/jpeg-6b/jctrans.c
	lib/jpeg-6b/rdbmp.c
	lib/jpeg-6b/rdgif.c
	lib/jpeg-6b/transupp.c
	lib/jpeg-6b/transupp.h
	lib/jpeg-6b/jdatadst.c
	lib/jpeg-6b/rdppm.c
	lib/jpeg-6b/rdrle.c
	lib/jpeg-6b/jcdctmgr.c
	lib/jpeg-6b/rdtarga.c
	lib/jpeg-6b/jdatasrc.c
	lib/jpeg-6b/djpeg.c
	lib/jpeg-6b/jcmarker.c
	lib/jpeg-6b/ansi2knr.c
	lib/jpeg-6b/jdcolor.c
	lib/jpeg-6b/jcmaster.c
	lib/jpeg-6b/ltmain.sh:171
	lib/jpeg-6b/ltmain.sh:286
	lib/jpeg-6b/ltmain.sh:286
	lib/jpeg-6b/jcomapi.c
	lib/jpeg-6b/jerror.c
	lib/jpeg-6b/jerror.h
	lib/jpeg-6b/jcparam.c
	lib/jpeg-6b/jconfig.h
	lib/jpeg-6b/jmorecfg.h
	lib/jpeg-6b/wrjpgcom.c
	lib/jpeg-6b/jdsample.c
	lib/jpeg-6b/jcprepct.c
	lib/jpeg-6b/jcphuff.c
	lib/jpeg-6b/jinclude.h
	lib/jpeg-6b/wrtarga.c
	lib/jpeg-6b/jquant1.c
	lib/jpeg-6b/jquant2.c
	lib/jpeg-6b/jdmerge.c
	lib/jpeg-6b/jidctflt.c
	lib/jpeg-6b/jidctfst.c
	lib/jpeg-6b/jidctint.c
	lib/jpeg-6b/jidctred.c
	lib/jpeg-6b/cderror.h
	lib/jpeg-6b/jdct.h
	lib/jpeg-6b/jccolor.c
	lib/jpeg-6b/rdswitch.c
	lib/jpeg-6b/jmemansi.c
	lib/jpeg-6b/jdcoefct.c
	lib/jpeg-6b/jdmainct.c
	lib/jpeg-6b/jpegint.h
	lib/jpeg-6b/jpeglib.h
	lib/jpeg-6b/jutils.c
	lib/jpeg-6b/jdapimin.c
	lib/jpeg-6b/jdapistd.c
	lib/jpeg-6b/jdtrans.c
	lib/jpeg-6b/jddctmgr.c
	lib/jpeg-6b/jdpostct.c
	lib/jpeg-6b/jdmarker.c
	lib/jpeg-6b/jmemname.c
	lib/jpeg-6b/jdmaster.c
	lib/jpeg-6b/jmemnobs.c
	lib/jpeg-6b/jversion.h
	lib/jpeg-6b/jpegtran.c
	lib/jpeg-6b/rdcolmap.c
	lib/jpeg-6b/jcsample.c
	lib/jpeg-6b/jmemdos.c
	lib/jpeg-6b/jfdctflt.c
	lib/jpeg-6b/jfdctfst.c
	lib/jpeg-6b/jmemmac.c
	lib/jpeg-6b/jmemmgr.c
	lib/jpeg-6b/jfdctint.c
	lib/jpeg-6b/jmemsys.h
	lib/jpeg-6b/cdjpeg.c
	lib/jpeg-6b/cdjpeg.h
	lib/jpeg-6b/jchuff.c
	lib/jpeg-6b/jchuff.h
	lib/jpeg-6b/jcinit.c
	lib/jpeg-6b/ckconfig.c
	lib/jpeg-6b/jdphuff.c
	lib/jpeg-6b/cjpeg.c
	lib/jpeg-6b/wrbmp.c
	lib/jpeg-6b/wrgif.c
	lib/jpeg-6b/jdhuff.c
	lib/jpeg-6b/jdhuff.h
	lib/jpeg-6b/Makefile:23
	lib/jpeg-6b/ltmain.sh:171
	lib/jpeg-6b/ltmain.sh:171
	lib/jpeg-6b/Makefile:23
autoscan: warning: missing AC_PROG_CPP wanted by: 
	lib/jpeg-6b/ltmain.sh:287
	lib/jpeg-6b/ltmain.sh:287
autoscan: warning: missing AC_PROG_GCC_TRADITIONAL wanted by: 
	src/examples/urbisound.cpp:84
	src/examples/urbisound.cpp:86
	src/examples/urbisound.cpp:88
autoscan: warning: missing AC_PROG_LN_S wanted by: 
	lib/jpeg-6b/Makefile:57
autoscan: warning: missing AC_TYPE_SIGNAL wanted by: 
	src/examples/urbiimage.cpp:101
	lib/jpeg-6b/cdjpeg.c:51
	lib/jpeg-6b/cdjpeg.c:54
autoscan: warning: missing AC_TYPE_SIZE_T wanted by: 
	lib/jpeg-6b/wrppm.c:74
	lib/jpeg-6b/wrrle.c:80
	lib/jpeg-6b/jccoefct.c:309
	lib/jpeg-6b/jcapimin.c:30
	lib/jpeg-6b/jdatadst.c:86
	lib/jpeg-6b/jdatadst.c:109
	lib/jpeg-6b/rdppm.c:76
	lib/jpeg-6b/rdppm.c:387
	lib/jpeg-6b/rdppm.c:417
	lib/jpeg-6b/jdatasrc.c:93
	lib/jpeg-6b/jdatasrc.c:144
	lib/jpeg-6b/jdatasrc.c:145
	lib/jpeg-6b/wrjpgcom.c:453
	lib/jpeg-6b/wrjpgcom.c:541
	lib/jpeg-6b/jcphuff.c:34
	lib/jpeg-6b/jinclude.h:89
	lib/jpeg-6b/jinclude.h:89
	lib/jpeg-6b/jinclude.h:89
	lib/jpeg-6b/jinclude.h:91
	lib/jpeg-6b/jinclude.h:91
	lib/jpeg-6b/jinclude.h:91
	lib/jpeg-6b/wrtarga.c:88
	lib/jpeg-6b/wrtarga.c:243
	lib/jpeg-6b/jquant1.c:534
	lib/jpeg-6b/jquant1.c:639
	lib/jpeg-6b/jquant1.c:725
	lib/jpeg-6b/jquant1.c:728
	lib/jpeg-6b/jquant1.c:744
	lib/jpeg-6b/jquant1.c:782
	lib/jpeg-6b/jquant2.c:1199
	lib/jpeg-6b/jquant2.c:1199
	lib/jpeg-6b/jquant2.c:1304
	lib/jpeg-6b/jdmerge.c:389
	lib/jpeg-6b/jmemansi.c:21
	lib/jpeg-6b/jmemansi.c:36
	lib/jpeg-6b/jmemansi.c:42
	lib/jpeg-6b/jmemansi.c:56
	lib/jpeg-6b/jmemansi.c:62
	lib/jpeg-6b/jmemansi.c:104
	lib/jpeg-6b/jmemansi.c:117
	lib/jpeg-6b/jdcoefct.c:166
	lib/jpeg-6b/jpegint.h:378
	lib/jpeg-6b/jpeglib.h:715
	lib/jpeg-6b/jpeglib.h:727
	lib/jpeg-6b/jpeglib.h:759
	lib/jpeg-6b/jpeglib.h:761
	lib/jpeg-6b/jpeglib.h:896
	lib/jpeg-6b/jpeglib.h:899
	lib/jpeg-6b/jpeglib.h:901
	lib/jpeg-6b/jpeglib.h:903
	lib/jpeg-6b/jutils.c:122
	lib/jpeg-6b/jutils.c:122
	lib/jpeg-6b/jutils.c:165
	lib/jpeg-6b/jutils.c:173
	lib/jpeg-6b/jdapimin.c:30
	lib/jpeg-6b/jdmarker.c:122
	lib/jpeg-6b/jmemname.c:21
	lib/jpeg-6b/jmemname.c:143
	lib/jpeg-6b/jmemname.c:149
	lib/jpeg-6b/jmemname.c:163
	lib/jpeg-6b/jmemname.c:169
	lib/jpeg-6b/jmemname.c:211
	lib/jpeg-6b/jmemname.c:224
	lib/jpeg-6b/jmemnobs.c:24
	lib/jpeg-6b/jmemnobs.c:35
	lib/jpeg-6b/jmemnobs.c:41
	lib/jpeg-6b/jmemnobs.c:55
	lib/jpeg-6b/jmemnobs.c:61
	lib/jpeg-6b/jmemdos.c:48
	lib/jpeg-6b/jmemdos.c:166
	lib/jpeg-6b/jmemdos.c:172
	lib/jpeg-6b/jmemdos.c:183
	lib/jpeg-6b/jmemdos.c:189
	lib/jpeg-6b/jmemmac.c:82
	lib/jpeg-6b/jmemmac.c:88
	lib/jpeg-6b/jmemmac.c:102
	lib/jpeg-6b/jmemmac.c:108
	lib/jpeg-6b/jmemmgr.c:94
	lib/jpeg-6b/jmemmgr.c:95
	lib/jpeg-6b/jmemmgr.c:105
	lib/jpeg-6b/jmemmgr.c:106
	lib/jpeg-6b/jmemmgr.c:241
	lib/jpeg-6b/jmemmgr.c:247
	lib/jpeg-6b/jmemmgr.c:257
	lib/jpeg-6b/jmemmgr.c:263
	lib/jpeg-6b/jmemmgr.c:266
	lib/jpeg-6b/jmemmgr.c:295
	lib/jpeg-6b/jmemmgr.c:296
	lib/jpeg-6b/jmemmgr.c:342
	lib/jpeg-6b/jmemmgr.c:347
	lib/jpeg-6b/jmemmgr.c:350
	lib/jpeg-6b/jmemmgr.c:418
	lib/jpeg-6b/jmemmgr.c:425
	lib/jpeg-6b/jmemmgr.c:425
	lib/jpeg-6b/jmemmgr.c:425
	lib/jpeg-6b/jmemmgr.c:466
	lib/jpeg-6b/jmemmgr.c:473
	lib/jpeg-6b/jmemmgr.c:473
	lib/jpeg-6b/jmemmgr.c:473
	lib/jpeg-6b/jmemmgr.c:820
	lib/jpeg-6b/jmemmgr.c:820
	lib/jpeg-6b/jmemmgr.c:905
	lib/jpeg-6b/jmemmgr.c:905
	lib/jpeg-6b/jmemmgr.c:935
	lib/jpeg-6b/jmemmgr.c:1033
	lib/jpeg-6b/jmemmgr.c:1051
	lib/jpeg-6b/jmemsys.h:47
	lib/jpeg-6b/jmemsys.h:49
	lib/jpeg-6b/jmemsys.h:61
	lib/jpeg-6b/jmemsys.h:63
	lib/jpeg-6b/jchuff.c:82
	lib/jpeg-6b/ckconfig.c:90
	lib/jpeg-6b/wrbmp.c:219
	lib/jpeg-6b/wrbmp.c:221
	lib/jpeg-6b/wrbmp.c:276
	lib/jpeg-6b/wrbmp.c:278
	lib/jpeg-6b/wrgif.c:87
	lib/jpeg-6b/jdhuff.c:299
	lib/jpeg-6b/jdhuff.h:91
